<?xml version="1.0" encoding="UTF-8"?>
<!-- Generated by org.testng.reporters.JUnitReportReporter -->
<testsuite hostname="Deepali" failures="0" tests="1" name="com.bankingproject.testCases.NewAccount_TC03" time="1.996" errors="0" timestamp="2021-06-12T01:19:34 IST" skipped="0">
  <testcase classname="com.bankingproject.testCases.NewAccount_TC03" name="account" time="1.996"/>
  <system-out/>
</testsuite> <!-- com.bankingproject.testCases.NewAccount_TC03 -->
