<?xml version="1.0" encoding="UTF-8"?>
<!-- Generated by org.testng.reporters.JUnitReportReporter -->
<testsuite hostname="Deepali" failures="0" tests="1" name="com.bankingproject.testCases.Withdrawal_TC04" time="1.990" errors="0" timestamp="2021-06-12T09:55:58 IST" skipped="0">
  <testcase classname="com.bankingproject.testCases.Withdrawal_TC04" name="withdrawl" time="1.990"/>
  <system-out/>
</testsuite> <!-- com.bankingproject.testCases.Withdrawal_TC04 -->
