<?xml version="1.0" encoding="UTF-8"?>
<!-- Generated by org.testng.reporters.JUnitReportReporter -->
<testsuite hostname="Deepali" failures="0" tests="1" name="com.bankingproject.testCases.MiniStatement_05" time="3.106" errors="0" timestamp="2021-06-12T10:57:07 IST" skipped="0">
  <testcase classname="com.bankingproject.testCases.MiniStatement_05" name="statement" time="3.106"/>
  <system-out/>
</testsuite> <!-- com.bankingproject.testCases.MiniStatement_05 -->
